0 info it worked if it ends with ok
1 verbose cli [ 'node', '/usr/local/bin/npm', 'publish' ]
2 info using npm@3.5.0
3 info using node@v0.12.7
4 verbose publish [ '.' ]
5 silly cache add args [ '.', null ]
6 verbose cache add spec .
7 silly cache add parsed spec { raw: '.',
7 silly cache add   scope: null,
7 silly cache add   name: null,
7 silly cache add   rawSpec: '.',
7 silly cache add   spec: '/Users/mikefey/projects/react-draggable',
7 silly cache add   type: 'directory' }
8 verbose addLocalDirectory /Users/mikefey/.npm/react-draggable-component/1.0.0/package.tgz not in flight; packing
9 info lifecycle react-draggable-component@1.0.0~prepublish: react-draggable-component@1.0.0
10 silly lifecycle react-draggable-component@1.0.0~prepublish: no script for prepublish, continuing
11 verbose tar pack [ '/Users/mikefey/.npm/react-draggable-component/1.0.0/package.tgz',
11 verbose tar pack   '/Users/mikefey/projects/react-draggable' ]
12 verbose tarball /Users/mikefey/.npm/react-draggable-component/1.0.0/package.tgz
13 verbose folder /Users/mikefey/projects/react-draggable
14 verbose addLocalTarball adding from inside cache /Users/mikefey/.npm/react-draggable-component/1.0.0/package.tgz
15 silly cache afterAdd react-draggable-component@1.0.0
16 verbose afterAdd /Users/mikefey/.npm/react-draggable-component/1.0.0/package/package.json not in flight; writing
17 verbose afterAdd /Users/mikefey/.npm/react-draggable-component/1.0.0/package/package.json written
18 silly publish { name: 'react-draggable-component',
18 silly publish   version: '1.0.0',
18 silly publish   description: 'A wrapper React component that adds draggable functionality to an element',
18 silly publish   main: 'index.js',
18 silly publish   author: { name: 'Mike Fey' },
18 silly publish   license: 'ISC',
18 silly publish   repository:
18 silly publish    { type: 'git',
18 silly publish      url: 'git+https://github.com/mikefey/react-draggable.git' },
18 silly publish   scripts:
18 silly publish    { test: './node_modules/karma/bin/karma start',
18 silly publish      'webpack-server': 'webpack-dev-server --hot --progress --colors',
18 silly publish      'web-server': 'http-server -p 3000 .',
18 silly publish      start: 'npm run webpack-server & npm run web-server',
18 silly publish      build: 'NODE_ENV=production webpack -p --config webpack.production.config.js -d --display-reasons --display-chunks --progress' },
18 silly publish   devDependencies:
18 silly publish    { autoprefixer: '^6.3.1',
18 silly publish      babel: '^6.3.26',
18 silly publish      'babel-cli': '^6.4.5',
18 silly publish      'babel-core': '^6.4.5',
18 silly publish      'babel-loader': '^6.2.1',
18 silly publish      'babel-preset-es2015': '^6.3.13',
18 silly publish      'babel-preset-react': '^6.3.13',
18 silly publish      'babel-preset-stage-0': '^6.3.13',
18 silly publish      'css-loader': '^0.23.1',
18 silly publish      'document-ready-promise': '^3.0.1',
18 silly publish      eslint: '^1.10.3',
18 silly publish      'eslint-config-airbnb': '^4.0.0',
18 silly publish      'eslint-plugin-react': '^3.16.1',
18 silly publish      faucet: '0.0.1',
18 silly publish      'file-loader': '^0.8.5',
18 silly publish      'http-server': '^0.8.5',
18 silly publish      'img-loader': '^1.2.2',
18 silly publish      karma: '^0.13.19',
18 silly publish      'karma-chrome-launcher': '^0.2.2',
18 silly publish      'karma-es6-shim': '^0.2.3',
18 silly publish      'karma-phantomjs-launcher': '^1.0.0',
18 silly publish      'karma-sourcemap-loader': '^0.3.7',
18 silly publish      'karma-tap': '^1.0.3',
18 silly publish      'karma-webpack': '^1.7.0',
18 silly publish      'node-sass': '^3.4.2',
18 silly publish      'object.assign': '^4.0.3',
18 silly publish      'phantomjs-prebuilt': '^2.1.3',
18 silly publish      'postcss-loader': '^0.8.0',
18 silly publish      precss: '^1.4.0',
18 silly publish      react: '^0.14.7',
18 silly publish      'react-addons-test-utils': '^0.14.7',
18 silly publish      'react-dom': '^0.14.7',
18 silly publish      'react-hot-loader': '^1.3.0',
18 silly publish      'react-unit': '^1.1.1',
18 silly publish      'sass-loader': '^3.1.2',
18 silly publish      'source-map-loader': '^0.1.5',
18 silly publish      'style-loader': '^0.13.0',
18 silly publish      'svgo-loader': '^1.1.0',
18 silly publish      tape: '^4.4.0',
18 silly publish      'tape-jsx-equals': '^1.0.0',
18 silly publish      'url-loader': '^0.5.7',
18 silly publish      webpack: '^1.12.12',
18 silly publish      'webpack-dev-server': '^1.14.1' },
18 silly publish   readme: '# react-responsive-image\nA wrapper React component that adds draggable functionality to an element. Uses transform values with the option to use transform3d. Works with touch devices.\n\n## to install\n```\nnpm i react-draggable\n```\n\n## to run demo\n```\nnpm start\n```\nThen navigate to [http://localhost:3000/demo.html](http://localhost:3000/demo.html)\n\n## to run tests\n```\nnpm test\n```\n\n## to build\n```\nnpm run build\n```\n\n## usage\n```\nimport React from \'react\';\nimport ReactDOM from \'react-dom\';\nimport ReactDraggable from \'react-draggable\';\n\n<Draggable\n  supportsCssTransforms3d\n>\n  <div className=\'draggable-content\'>DRAG</div>\n</Draggable>\n\n```\n\n## props\n**additionalClass {String}** - A string of additional classnames to add to the element  \n**bounds {Object}** - An array of coordinates, forming a square, that the user cannot drag the component   outside of, in the format {x1: Number, y1: Number, x2: Number, y2: Number}  \n**contentPosition {String}** - The css positioning for for the element (\'absolute\' or \'fixed\', defaults to \'absolute\')  \n**dragCallback {Function}** - The function to call while the user is dragging  \n**dragStartCallback {Function}** - The function to call when the user starts dragging  \n**dragStopCallback {Function}** - The function to call when the user stops dragging  \n**dragLeaveCallback {Function}** - A function to call when the user is dragging and the mouse/touch leaves the draggable component  \n**initialPosition {Object}** - An object with initial x and y values for the content  \n**lock {String}** - An axis to lock element to when dragging, either \'x\' or \'y\'  \n**preventDefaultEvents {Boolean}** - Whether to prevent default mouse/touch events  \n**touchScrollLock {String}** - If set to true, prevents the content from being dragged if the user is scrolling in the opposite direction on a touchend device  \n**translate3d {Boolean}** - Whether to use css3 transform3d for positioning  \n\n## methods\n**setEnabled({Boolean})** - Sets the whether the draggability is enabled  \n**setStyle({Object})** - Sets the style of the component  \n**setPosition({Object})** - Sets the position of the component with an object passed in format {x: Number, y: number}  \n**getPosition()** - Gets the current x and y position of the component  \n',
18 silly publish   readmeFilename: 'README.md',
18 silly publish   gitHead: '3725795ca89d7810b9936683730fef4415ca4139',
18 silly publish   bugs: { url: 'https://github.com/mikefey/react-draggable/issues' },
18 silly publish   homepage: 'https://github.com/mikefey/react-draggable#readme',
18 silly publish   _id: 'react-draggable-component@1.0.0',
18 silly publish   _shasum: 'd32b54308ed6c1926b6a97814c36071801c14326',
18 silly publish   _from: '.' }
19 verbose getPublishConfig undefined
20 silly mapToRegistry name react-draggable-component
21 silly mapToRegistry using default registry
22 silly mapToRegistry registry https://registry.npmjs.org/
23 silly mapToRegistry uri https://registry.npmjs.org/react-draggable-component
24 verbose publish registryBase https://registry.npmjs.org/
25 silly publish uploading /Users/mikefey/.npm/react-draggable-component/1.0.0/package.tgz
26 verbose request uri https://registry.npmjs.org/react-draggable-component
27 verbose request sending authorization for write operation
28 info attempt registry request try #1 at 3:24:06 PM
29 verbose request using bearer token for auth
30 verbose request id 96bca41221035b42
31 http request PUT https://registry.npmjs.org/react-draggable-component
32 http 403 https://registry.npmjs.org/react-draggable-component
33 verbose headers { 'content-type': 'application/json',
33 verbose headers   'cache-control': 'max-age=300',
33 verbose headers   'content-length': '95',
33 verbose headers   'accept-ranges': 'bytes',
33 verbose headers   date: 'Wed, 24 Feb 2016 20:24:07 GMT',
33 verbose headers   via: '1.1 varnish',
33 verbose headers   connection: 'keep-alive',
33 verbose headers   'x-served-by': 'cache-jfk1032-JFK',
33 verbose headers   'x-cache': 'MISS',
33 verbose headers   'x-cache-hits': '0',
33 verbose headers   'x-timer': 'S1456345447.035382,VS0,VE939' }
34 verbose request invalidating /Users/mikefey/.npm/registry.npmjs.org/react-draggable-component on PUT
35 error publish Failed PUT 403
36 verbose stack Error: "You cannot publish over the previously published version 1.0.0." : react-draggable-component
36 verbose stack     at makeError (/usr/local/lib/node_modules/npm/node_modules/npm-registry-client/lib/request.js:264:12)
36 verbose stack     at CachingRegistryClient.<anonymous> (/usr/local/lib/node_modules/npm/node_modules/npm-registry-client/lib/request.js:252:14)
36 verbose stack     at Request._callback (/usr/local/lib/node_modules/npm/node_modules/npm-registry-client/lib/request.js:172:14)
36 verbose stack     at Request.self.callback (/usr/local/lib/node_modules/npm/node_modules/request/request.js:198:22)
36 verbose stack     at Request.emit (events.js:110:17)
36 verbose stack     at Request.<anonymous> (/usr/local/lib/node_modules/npm/node_modules/request/request.js:1082:10)
36 verbose stack     at Request.emit (events.js:129:20)
36 verbose stack     at IncomingMessage.<anonymous> (/usr/local/lib/node_modules/npm/node_modules/request/request.js:1009:12)
36 verbose stack     at IncomingMessage.emit (events.js:129:20)
36 verbose stack     at _stream_readable.js:908:16
37 verbose statusCode 403
38 verbose pkgid react-draggable-component
39 verbose cwd /Users/mikefey/projects/react-draggable
40 error Darwin 15.3.0
41 error argv "node" "/usr/local/bin/npm" "publish"
42 error node v0.12.7
43 error npm  v3.5.0
44 error code E403
45 error "You cannot publish over the previously published version 1.0.0." : react-draggable-component
46 error If you need help, you may report this error at:
46 error     <https://github.com/npm/npm/issues>
47 verbose exit [ 1, true ]
